{"name": "Test password reset page opens when request recovery by email", "status": "failed", "statusDetails": {"message": "AssertionError: assert False\n +  where False = is_reset_page_loaded()\n +    where is_reset_page_loaded = <pages.recover_password_page.RecoverPasswordPage object at 0x0000025BE6FF2750>.is_reset_page_loaded", "trace": "self = <test_password_recovery.TestPasswordRecovery object at 0x0000025BE6D1D670>, driver = <selenium.webdriver.chrome.webdriver.WebDriver (session=\"495bbe8315656fffa1e71bd79c94a127\")>\n\n    @allure.title(\"Test password reset page opens when request recovery by email\")\n    def test_recover_password_with_email_successful(self, driver):\n        login_page = LoginPage(driver)\n        recover_password_page = RecoverPasswordPage(driver)\n    \n        login_page.open_page()\n        login_page.click_recover_link()\n        recover_password_page.recover(C.TEST_USER.get(\"email\"))\n    \n>       assert recover_password_page.is_reset_page_loaded()\nE       assert False\nE        +  where False = is_reset_page_loaded()\nE        +    where is_reset_page_loaded = <pages.recover_password_page.RecoverPasswordPage object at 0x0000025BE6FF2750>.is_reset_page_loaded\n\ntests\\test_password_recovery.py:29: AssertionError"}, "steps": [{"name": "Open page", "status": "passed", "steps": [{"name": "Wait for loading animation", "status": "passed", "start": 1724631858116, "stop": 1724631858656}], "start": 1724631858116, "stop": 1724631858798}, {"name": "Click recovery button", "status": "passed", "steps": [{"name": "Wait for loading animation", "status": "passed", "start": 1724631858798, "stop": 1724631859334}], "start": 1724631858798, "stop": 1724631859412}, {"name": "Request password recovery with email", "status": "passed", "steps": [{"name": "Wait for loading animation", "status": "passed", "start": 1724631859412, "stop": 1724631859429}, {"name": "Click recovery button", "status": "passed", "steps": [{"name": "Wait for loading animation", "status": "passed", "start": 1724631859541, "stop": 1724631859553}], "start": 1724631859541, "stop": 1724631859608}, {"name": "Wait for loading animation", "status": "passed", "start": 1724631859608, "stop": 1724631859619}], "parameters": [{"name": "email", "value": "'test-op-10@test.host'"}], "start": 1724631859412, "stop": 1724631859619}, {"name": "Check if reset password page is loaded", "status": "passed", "steps": [{"name": "Check page is loaded", "status": "passed", "steps": [{"name": "Wait for loading animation", "status": "passed", "start": 1724631859619, "stop": 1724631859628}], "parameters": [{"name": "locator", "value": "None"}, {"name": "path", "value": "'/reset-password'"}], "start": 1724631859619, "stop": 1724631859651}], "start": 1724631859619, "stop": 1724631859651}], "parameters": [{"name": "driver", "value": "'Chrome'"}], "start": 1724631858107, "stop": 1724631859651, "uuid": "46464d01-aa5c-47e2-a0da-64e5d5acd81c", "historyId": "220e56e0399228c3b18b5e68bbe6a933", "testCaseId": "578b7c8ffaf5e36127f027688ca7ce0d", "fullName": "tests.test_password_recovery.TestPasswordRecovery#test_recover_password_with_email_successful", "labels": [{"name": "parentSuite", "value": "tests"}, {"name": "suite", "value": "test_password_recovery"}, {"name": "subSuite", "value": "TestPasswordRecovery"}, {"name": "host", "value": "opeshko"}, {"name": "thread", "value": "23556-MainThread"}, {"name": "framework", "value": "pytest"}, {"name": "language", "value": "cpython3"}, {"name": "package", "value": "tests.test_password_recovery"}]}